<?xml version="1.0" encoding="UTF-8"?>
<!-- Generated by org.testng.reporters.JUnitReportReporter -->
<testsuite hostname="Om-Satapthy01.local" failures="0" tests="1" name="BaseTest.RemoteSetUp" time="7.754" errors="0" timestamp="2025-01-25T16:57:21 IST" skipped="0">
  <testcase classname="BaseTest.RemoteSetUp" name="setUp" time="7.754"/>
  <system-out/>
</testsuite> <!-- BaseTest.RemoteSetUp -->
