<?xml version="1.0" encoding="UTF-8"?>
<!-- Generated by org.testng.reporters.JUnitReportReporter -->
<testsuite hostname="Om-Satapthy01.local" failures="0" tests="1" name="BaseTest.HomePageRightTest" time="7.683" errors="0" timestamp="2025-01-25T20:23:51 IST" skipped="0">
  <testcase classname="BaseTest.HomePageRightTest" name="testAlerts" time="7.683"/>
  <system-out/>
</testsuite> <!-- BaseTest.HomePageRightTest -->
