<?xml version="1.0" encoding="UTF-8"?>
<!-- Generated by org.testng.reporters.JUnitReportReporter -->
<testsuite hostname="Om-Satapthy01.local" failures="0" tests="1" name="BaseTest.HomePageTwo" time="40.980" errors="0" timestamp="2025-01-25T16:05:31 IST" skipped="0">
  <testcase classname="BaseTest.HomePageTwo" name="testForm" time="40.980"/>
  <system-out/>
</testsuite> <!-- BaseTest.HomePageTwo -->
