<?xml version="1.0" encoding="UTF-8"?>
<!-- Generated by org.testng.reporters.JUnitReportReporter -->
<testsuite hostname="Om-Satapthy01.local" failures="0" tests="4" name="Grid.docker.FirefoxLaunch" time="18.154" errors="0" timestamp="2025-01-24T12:09:23 IST" skipped="0">
  <testcase classname="Grid.docker.FirefoxLaunch" name="launch" time="4.260"/>
  <testcase classname="Grid.docker.FirefoxLaunch" name="launch3" time="3.581"/>
  <testcase classname="Grid.docker.FirefoxLaunch" name="launch2" time="4.635"/>
  <testcase classname="Grid.docker.FirefoxLaunch" name="launc4" time="5.678"/>
</testsuite> <!-- Grid.docker.FirefoxLaunch -->
