<?xml version="1.0" encoding="UTF-8"?>
<!-- Generated by org.testng.reporters.JUnitReportReporter -->
<testsuite hostname="Om-Satapthy01.local" failures="0" tests="2" name="BaseTest.HomePagetest" time="2.127" errors="0" timestamp="2025-01-25T15:23:36 IST" skipped="0">
  <testcase classname="BaseTest.HomePagetest" name="homeTest" time="0.946"/>
  <system-out/>
  <testcase classname="BaseTest.HomePagetest" name="testCalender" time="1.181"/>
  <system-out/>
</testsuite> <!-- BaseTest.HomePagetest -->
