<?xml version="1.0" encoding="UTF-8"?>
<!-- Generated by org.testng.reporters.JUnitReportReporter -->
<testsuite hostname="Om-Satapthy01.local" failures="0" tests="1" name="utility.ReadData" time="0.000" errors="0" timestamp="2025-01-25T12:04:21 IST" skipped="1">
  <testcase classname="utility.ReadData" name="testExcelData" time="0.000">
    <skipped/>
  </testcase> <!-- testExcelData -->
  <system-out/>
</testsuite> <!-- utility.ReadData -->
